<?xml version="1.0" encoding="UTF-8"?>
<!-- Generated by org.testng.reporters.JUnitXMLReporter -->
<testsuite ignored="5" hostname="DESKTOP-6H595PM" failures="0" tests="1" name="MavenSeleniumSample" time="4.739" errors="0" timestamp="2022-03-07T14:07:26 TRT">
  <testcase classname="tests.LoginTest" name="logOutTest" time="0.804"/>
  <testcase classname="tests.LoginTest" name="goToBookStoreTest" time="0.0">
    <ignored/>
  </testcase> <!-- goToBookStoreTest -->
  <testcase classname="tests.LoginTest" name="invalidSimpleLoginTest" time="0.0">
    <ignored/>
  </testcase> <!-- invalidSimpleLoginTest -->
  <testcase classname="tests.LoginTest" name="deleteBookTest" time="0.0">
    <ignored/>
  </testcase> <!-- deleteBookTest -->
  <testcase classname="tests.LoginTest" name="usersBooksPageTest" time="0.0">
    <ignored/>
  </testcase> <!-- usersBooksPageTest -->
  <testcase classname="tests.LoginTest" name="simpleLoginTest" time="0.0">
    <ignored/>
  </testcase> <!-- simpleLoginTest -->
</testsuite> <!-- MavenSeleniumSample -->
