<?xml version="1.0" encoding="UTF-8"?>
<testng-results ignored="5" total="6" passed="1" failed="0" skipped="0">
  <reporter-output>
  </reporter-output>
  <suite started-at="2022-03-07T14:07:21 TRT" name="Default Suite" finished-at="2022-03-07T14:07:26 TRT" duration-ms="4739">
    <groups>
    </groups>
    <test started-at="2022-03-07T14:07:21 TRT" name="MavenSeleniumSample" finished-at="2022-03-07T14:07:26 TRT" duration-ms="4739">
      <class name="tests.LoginTest">
        <test-method is-config="true" signature="setUpTest()[pri:0, instance:tests.LoginTest@fdefd3f]" started-at="2022-03-07T14:07:21 TRT" name="setUpTest" finished-at="2022-03-07T14:07:25 TRT" duration-ms="3895" status="PASS">
          <reporter-output>
          </reporter-output>
        </test-method> <!-- setUpTest -->
        <test-method signature="logOutTest()[pri:0, instance:tests.LoginTest@fdefd3f]" started-at="2022-03-07T14:07:25 TRT" name="logOutTest" finished-at="2022-03-07T14:07:26 TRT" duration-ms="804" status="PASS">
          <reporter-output>
          </reporter-output>
        </test-method> <!-- logOutTest -->
        <test-method is-config="true" signature="tearDownTest()[pri:0, instance:tests.LoginTest@fdefd3f]" started-at="2022-03-07T14:07:26 TRT" name="tearDownTest" finished-at="2022-03-07T14:07:26 TRT" duration-ms="1" status="PASS">
          <reporter-output>
          </reporter-output>
        </test-method> <!-- tearDownTest -->
      </class> <!-- tests.LoginTest -->
    </test> <!-- MavenSeleniumSample -->
  </suite> <!-- Default Suite -->
</testng-results>
